<?xml version="1.0" encoding="UTF-8"?>
<!-- Generated by org.testng.reporters.JUnitReportReporter -->
<testsuite hostname="kairosHW0451" failures="0" tests="3" name="com.minnwest.testcases.Transfer_login" time="76.069" errors="2" timestamp="16 May 2023 11:13:28 GMT" skipped="0">
  <testcase classname="com.minnwest.testcases.Transfer_login" name="Transfer_login" time="9.021">
    <error message="Returned value cannot be converted to WebElement: {stacktrace=Backtrace:
	Ordinal0 [0x00D578B3+2193587]
	Ordinal0 [0x00CF0681+1771137]
	Ordinal0 [0x00C04070+802928]
	Ordinal0 [0x00C27260+946784]
	Ordinal0 [0x00C4D6A0+1103520]
	Ordinal0 [0x00C4B4F5+1094901]
	Ordinal0 [0x00C4B098+1093784]
	Ordinal0 [0x00BE55C7+677319]
	Ordinal0 [0x00BE5B43+678723]
	Ordinal0 [0x00BE5F7A+679802]
	GetHandleVerifier [0x01000CB2+2738370]
	GetHandleVerifier [0x00FF21B8+2678216]
	GetHandleVerifier [0x00DE17AA+512954]
	GetHandleVerifier [0x00DE0856+509030]
	Ordinal0 [0x00CF743B+1799227]
	Ordinal0 [0x00BE5357+676695]
	Ordinal0 [0x00BE4E18+675352]
	GetHandleVerifier [0x010242BC+2883276]
	BaseThreadInitThunk [0x76210099+25]
	RtlGetAppContainerNamedObjectPath [0x77AE7B6E+286]
	RtlGetAppContainerNamedObjectPath [0x77AE7B3E+238]
, error=invalid session id, message=invalid session id}
Build info: version: &#039;2.53.1&#039;, revision: &#039;a36b8b1cd5757287168e54b817830adce9b0158d&#039;, time: &#039;2016-06-30 19:26:09&#039;
System info: host: &#039;kairosHW0451&#039;, ip: &#039;192.168.1.31&#039;, os.name: &#039;Windows 10&#039;, os.arch: &#039;amd64&#039;, os.version: &#039;10.0&#039;, java.version: &#039;17.0.6&#039;
Driver info: driver.version: RemoteWebDriver" type="org.openqa.selenium.WebDriverException">
      <![CDATA[org.openqa.selenium.WebDriverException: Returned value cannot be converted to WebElement: {stacktrace=Backtrace:
	Ordinal0 [0x00D578B3+2193587]
	Ordinal0 [0x00CF0681+1771137]
	Ordinal0 [0x00C04070+802928]
	Ordinal0 [0x00C27260+946784]
	Ordinal0 [0x00C4D6A0+1103520]
	Ordinal0 [0x00C4B4F5+1094901]
	Ordinal0 [0x00C4B098+1093784]
	Ordinal0 [0x00BE55C7+677319]
	Ordinal0 [0x00BE5B43+678723]
	Ordinal0 [0x00BE5F7A+679802]
	GetHandleVerifier [0x01000CB2+2738370]
	GetHandleVerifier [0x00FF21B8+2678216]
	GetHandleVerifier [0x00DE17AA+512954]
	GetHandleVerifier [0x00DE0856+509030]
	Ordinal0 [0x00CF743B+1799227]
	Ordinal0 [0x00BE5357+676695]
	Ordinal0 [0x00BE4E18+675352]
	GetHandleVerifier [0x010242BC+2883276]
	BaseThreadInitThunk [0x76210099+25]
	RtlGetAppContainerNamedObjectPath [0x77AE7B6E+286]
	RtlGetAppContainerNamedObjectPath [0x77AE7B3E+238]
, error=invalid session id, message=invalid session id}
Build info: version: '2.53.1', revision: 'a36b8b1cd5757287168e54b817830adce9b0158d', time: '2016-06-30 19:26:09'
System info: host: 'kairosHW0451', ip: '192.168.1.31', os.name: 'Windows 10', os.arch: 'amd64', os.version: '10.0', java.version: '17.0.6'
Driver info: driver.version: RemoteWebDriver
	at org.openqa.selenium.remote.RemoteWebDriver.findElement(RemoteWebDriver.java:370)
	at org.openqa.selenium.remote.RemoteWebDriver.findElementByXPath(RemoteWebDriver.java:500)
	at org.openqa.selenium.By$ByXPath.findElement(By.java:361)
	at org.openqa.selenium.remote.RemoteWebDriver.findElement(RemoteWebDriver.java:355)
	at com.minnwest.base.TestBase.type(TestBase.java:172)
	at com.minnwest.pages.transferLoginpage.setusername(transferLoginpage.java:10)
	at com.minnwest.testcases.Transfer_login.Transfer_login(Transfer_login.java:21)
	at java.base/jdk.internal.reflect.NativeMethodAccessorImpl.invoke0(Native Method)
	at java.base/jdk.internal.reflect.NativeMethodAccessorImpl.invoke(NativeMethodAccessorImpl.java:77)
	at java.base/jdk.internal.reflect.DelegatingMethodAccessorImpl.invoke(DelegatingMethodAccessorImpl.java:43)
	at java.base/java.lang.reflect.Method.invoke(Method.java:568)
	at org.testng.internal.MethodInvocationHelper.invokeMethod(MethodInvocationHelper.java:108)
	at org.testng.internal.Invoker.invokeMethod(Invoker.java:661)
	at org.testng.internal.Invoker.invokeTestMethod(Invoker.java:869)
	at org.testng.internal.Invoker.invokeTestMethods(Invoker.java:1193)
	at org.testng.internal.TestMethodWorker.invokeTestMethods(TestMethodWorker.java:126)
	at org.testng.internal.TestMethodWorker.run(TestMethodWorker.java:109)
	at org.testng.TestRunner.privateRun(TestRunner.java:744)
	at org.testng.TestRunner.run(TestRunner.java:602)
	at org.testng.SuiteRunner.runTest(SuiteRunner.java:380)
	at org.testng.SuiteRunner.runSequentially(SuiteRunner.java:375)
	at org.testng.SuiteRunner.privateRun(SuiteRunner.java:340)
	at org.testng.SuiteRunner.run(SuiteRunner.java:289)
	at org.testng.SuiteRunnerWorker.runSuite(SuiteRunnerWorker.java:52)
	at org.testng.SuiteRunnerWorker.run(SuiteRunnerWorker.java:86)
	at org.testng.TestNG.runSuitesSequentially(TestNG.java:1301)
	at org.testng.TestNG.runSuitesLocally(TestNG.java:1226)
	at org.testng.TestNG.runSuites(TestNG.java:1144)
	at org.testng.TestNG.run(TestNG.java:1115)
	at org.testng.remote.AbstractRemoteTestNG.run(AbstractRemoteTestNG.java:115)
	at org.testng.remote.RemoteTestNG.initAndRun(RemoteTestNG.java:251)
	at org.testng.remote.RemoteTestNG.main(RemoteTestNG.java:77)
Caused by: java.lang.ClassCastException: class com.google.common.collect.Maps$TransformedEntriesMap cannot be cast to class org.openqa.selenium.WebElement (com.google.common.collect.Maps$TransformedEntriesMap and org.openqa.selenium.WebElement are in unnamed module of loader 'app')
	at org.openqa.selenium.remote.RemoteWebDriver.findElement(RemoteWebDriver.java:368)
	... 31 more
]]>
    </error>
  </testcase> <!-- Transfer_login -->
  <testcase classname="com.minnwest.testcases.Transfer_login" name="Transfer_login" time="58.031"/>
  <testcase classname="com.minnwest.testcases.Transfer_login" name="Transfer_login" time="9.017">
    <error message="Returned value cannot be converted to WebElement: {stacktrace=Backtrace:
	Ordinal0 [0x00D578B3+2193587]
	Ordinal0 [0x00CF0681+1771137]
	Ordinal0 [0x00C04070+802928]
	Ordinal0 [0x00C27260+946784]
	Ordinal0 [0x00C4D6A0+1103520]
	Ordinal0 [0x00C4B4F5+1094901]
	Ordinal0 [0x00C4B098+1093784]
	Ordinal0 [0x00BE55C7+677319]
	Ordinal0 [0x00BE5B43+678723]
	Ordinal0 [0x00BE5F7A+679802]
	GetHandleVerifier [0x01000CB2+2738370]
	GetHandleVerifier [0x00FF21B8+2678216]
	GetHandleVerifier [0x00DE17AA+512954]
	GetHandleVerifier [0x00DE0856+509030]
	Ordinal0 [0x00CF743B+1799227]
	Ordinal0 [0x00BE5357+676695]
	Ordinal0 [0x00BE4E18+675352]
	GetHandleVerifier [0x010242BC+2883276]
	BaseThreadInitThunk [0x76210099+25]
	RtlGetAppContainerNamedObjectPath [0x77AE7B6E+286]
	RtlGetAppContainerNamedObjectPath [0x77AE7B3E+238]
, error=invalid session id, message=invalid session id}
Build info: version: &#039;2.53.1&#039;, revision: &#039;a36b8b1cd5757287168e54b817830adce9b0158d&#039;, time: &#039;2016-06-30 19:26:09&#039;
System info: host: &#039;kairosHW0451&#039;, ip: &#039;192.168.1.31&#039;, os.name: &#039;Windows 10&#039;, os.arch: &#039;amd64&#039;, os.version: &#039;10.0&#039;, java.version: &#039;17.0.6&#039;
Driver info: driver.version: RemoteWebDriver" type="org.openqa.selenium.WebDriverException">
      <![CDATA[org.openqa.selenium.WebDriverException: Returned value cannot be converted to WebElement: {stacktrace=Backtrace:
	Ordinal0 [0x00D578B3+2193587]
	Ordinal0 [0x00CF0681+1771137]
	Ordinal0 [0x00C04070+802928]
	Ordinal0 [0x00C27260+946784]
	Ordinal0 [0x00C4D6A0+1103520]
	Ordinal0 [0x00C4B4F5+1094901]
	Ordinal0 [0x00C4B098+1093784]
	Ordinal0 [0x00BE55C7+677319]
	Ordinal0 [0x00BE5B43+678723]
	Ordinal0 [0x00BE5F7A+679802]
	GetHandleVerifier [0x01000CB2+2738370]
	GetHandleVerifier [0x00FF21B8+2678216]
	GetHandleVerifier [0x00DE17AA+512954]
	GetHandleVerifier [0x00DE0856+509030]
	Ordinal0 [0x00CF743B+1799227]
	Ordinal0 [0x00BE5357+676695]
	Ordinal0 [0x00BE4E18+675352]
	GetHandleVerifier [0x010242BC+2883276]
	BaseThreadInitThunk [0x76210099+25]
	RtlGetAppContainerNamedObjectPath [0x77AE7B6E+286]
	RtlGetAppContainerNamedObjectPath [0x77AE7B3E+238]
, error=invalid session id, message=invalid session id}
Build info: version: '2.53.1', revision: 'a36b8b1cd5757287168e54b817830adce9b0158d', time: '2016-06-30 19:26:09'
System info: host: 'kairosHW0451', ip: '192.168.1.31', os.name: 'Windows 10', os.arch: 'amd64', os.version: '10.0', java.version: '17.0.6'
Driver info: driver.version: RemoteWebDriver
	at org.openqa.selenium.remote.RemoteWebDriver.findElement(RemoteWebDriver.java:370)
	at org.openqa.selenium.remote.RemoteWebDriver.findElementByXPath(RemoteWebDriver.java:500)
	at org.openqa.selenium.By$ByXPath.findElement(By.java:361)
	at org.openqa.selenium.remote.RemoteWebDriver.findElement(RemoteWebDriver.java:355)
	at com.minnwest.base.TestBase.type(TestBase.java:172)
	at com.minnwest.pages.transferLoginpage.setusername(transferLoginpage.java:10)
	at com.minnwest.testcases.Transfer_login.Transfer_login(Transfer_login.java:21)
	at java.base/jdk.internal.reflect.NativeMethodAccessorImpl.invoke0(Native Method)
	at java.base/jdk.internal.reflect.NativeMethodAccessorImpl.invoke(NativeMethodAccessorImpl.java:77)
	at java.base/jdk.internal.reflect.DelegatingMethodAccessorImpl.invoke(DelegatingMethodAccessorImpl.java:43)
	at java.base/java.lang.reflect.Method.invoke(Method.java:568)
	at org.testng.internal.MethodInvocationHelper.invokeMethod(MethodInvocationHelper.java:108)
	at org.testng.internal.Invoker.invokeMethod(Invoker.java:661)
	at org.testng.internal.Invoker.invokeTestMethod(Invoker.java:869)
	at org.testng.internal.Invoker.invokeTestMethods(Invoker.java:1193)
	at org.testng.internal.TestMethodWorker.invokeTestMethods(TestMethodWorker.java:126)
	at org.testng.internal.TestMethodWorker.run(TestMethodWorker.java:109)
	at org.testng.TestRunner.privateRun(TestRunner.java:744)
	at org.testng.TestRunner.run(TestRunner.java:602)
	at org.testng.SuiteRunner.runTest(SuiteRunner.java:380)
	at org.testng.SuiteRunner.runSequentially(SuiteRunner.java:375)
	at org.testng.SuiteRunner.privateRun(SuiteRunner.java:340)
	at org.testng.SuiteRunner.run(SuiteRunner.java:289)
	at org.testng.SuiteRunnerWorker.runSuite(SuiteRunnerWorker.java:52)
	at org.testng.SuiteRunnerWorker.run(SuiteRunnerWorker.java:86)
	at org.testng.TestNG.runSuitesSequentially(TestNG.java:1301)
	at org.testng.TestNG.runSuitesLocally(TestNG.java:1226)
	at org.testng.TestNG.runSuites(TestNG.java:1144)
	at org.testng.TestNG.run(TestNG.java:1115)
	at org.testng.remote.AbstractRemoteTestNG.run(AbstractRemoteTestNG.java:115)
	at org.testng.remote.RemoteTestNG.initAndRun(RemoteTestNG.java:251)
	at org.testng.remote.RemoteTestNG.main(RemoteTestNG.java:77)
Caused by: java.lang.ClassCastException: class com.google.common.collect.Maps$TransformedEntriesMap cannot be cast to class org.openqa.selenium.WebElement (com.google.common.collect.Maps$TransformedEntriesMap and org.openqa.selenium.WebElement are in unnamed module of loader 'app')
	at org.openqa.selenium.remote.RemoteWebDriver.findElement(RemoteWebDriver.java:368)
	... 31 more
]]>
    </error>
  </testcase> <!-- Transfer_login -->
</testsuite> <!-- com.minnwest.testcases.Transfer_login -->
